[2014-12-18 22:19:19] production.ERROR: exception 'Symfony\Component\HttpKernel\Exception\NotFoundHttpException' in /var/www/html/laracms/bootstrap/compiled.php:5340
Stack trace:
#0 /var/www/html/laracms/bootstrap/compiled.php(4690): Illuminate\Routing\RouteCollection->match(Object(Illuminate\Http\Request))
#1 /var/www/html/laracms/bootstrap/compiled.php(4678): Illuminate\Routing\Router->findRoute(Object(Illuminate\Http\Request))
#2 /var/www/html/laracms/bootstrap/compiled.php(4670): Illuminate\Routing\Router->dispatchToRoute(Object(Illuminate\Http\Request))
#3 /var/www/html/laracms/bootstrap/compiled.php(706): Illuminate\Routing\Router->dispatch(Object(Illuminate\Http\Request))
#4 /var/www/html/laracms/bootstrap/compiled.php(687): Illuminate\Foundation\Application->dispatch(Object(Illuminate\Http\Request))
#5 /var/www/html/laracms/bootstrap/compiled.php(1146): Illuminate\Foundation\Application->handle(Object(Illuminate\Http\Request), 1, true)
#6 /var/www/html/laracms/bootstrap/compiled.php(7311): Illuminate\Http\FrameGuard->handle(Object(Illuminate\Http\Request), 1, true)
#7 /var/www/html/laracms/bootstrap/compiled.php(7908): Illuminate\Session\Middleware->handle(Object(Illuminate\Http\Request), 1, true)
#8 /var/www/html/laracms/bootstrap/compiled.php(7855): Illuminate\Cookie\Queue->handle(Object(Illuminate\Http\Request), 1, true)
#9 /var/www/html/laracms/bootstrap/compiled.php(10897): Illuminate\Cookie\Guard->handle(Object(Illuminate\Http\Request), 1, true)
#10 /var/www/html/laracms/bootstrap/compiled.php(648): Stack\StackedHttpKernel->handle(Object(Illuminate\Http\Request))
#11 /var/www/html/laracms/public/index.php(49): Illuminate\Foundation\Application->run()
#12 {main} [] []
[2014-12-18 22:21:41] production.ERROR: exception 'Symfony\Component\HttpKernel\Exception\NotFoundHttpException' in /var/www/html/laracms/bootstrap/compiled.php:5340
Stack trace:
#0 /var/www/html/laracms/bootstrap/compiled.php(4690): Illuminate\Routing\RouteCollection->match(Object(Illuminate\Http\Request))
#1 /var/www/html/laracms/bootstrap/compiled.php(4678): Illuminate\Routing\Router->findRoute(Object(Illuminate\Http\Request))
#2 /var/www/html/laracms/bootstrap/compiled.php(4670): Illuminate\Routing\Router->dispatchToRoute(Object(Illuminate\Http\Request))
#3 /var/www/html/laracms/bootstrap/compiled.php(706): Illuminate\Routing\Router->dispatch(Object(Illuminate\Http\Request))
#4 /var/www/html/laracms/bootstrap/compiled.php(687): Illuminate\Foundation\Application->dispatch(Object(Illuminate\Http\Request))
#5 /var/www/html/laracms/bootstrap/compiled.php(1146): Illuminate\Foundation\Application->handle(Object(Illuminate\Http\Request), 1, true)
#6 /var/www/html/laracms/bootstrap/compiled.php(7311): Illuminate\Http\FrameGuard->handle(Object(Illuminate\Http\Request), 1, true)
#7 /var/www/html/laracms/bootstrap/compiled.php(7908): Illuminate\Session\Middleware->handle(Object(Illuminate\Http\Request), 1, true)
#8 /var/www/html/laracms/bootstrap/compiled.php(7855): Illuminate\Cookie\Queue->handle(Object(Illuminate\Http\Request), 1, true)
#9 /var/www/html/laracms/bootstrap/compiled.php(10897): Illuminate\Cookie\Guard->handle(Object(Illuminate\Http\Request), 1, true)
#10 /var/www/html/laracms/bootstrap/compiled.php(648): Stack\StackedHttpKernel->handle(Object(Illuminate\Http\Request))
#11 /var/www/html/laracms/public/index.php(49): Illuminate\Foundation\Application->run()
#12 {main} [] []
